<?xml version="1.0" encoding="UTF-8"?>
<testsuite xmlns:xsi="http://www.w3.org/2001/XMLSchema-instance" xsi:noNamespaceSchemaLocation="https://maven.apache.org/surefire/maven-surefire-plugin/xsd/surefire-test-report-3.0.xsd" version="3.0" name="TestSuite" time="1.344" tests="0" errors="0" skipped="0" failures="0">
  <properties>
    <property name="sun.desktop" value="windows"/>
    <property name="awt.toolkit" value="sun.awt.windows.WToolkit"/>
    <property name="file.encoding.pkg" value="sun.io"/>
    <property name="java.specification.version" value="1.8"/>
    <property name="sun.cpu.isalist" value="amd64"/>
    <property name="sun.jnu.encoding" value="Cp1252"/>
    <property name="java.class.path" value="C:\Users\17786\my-App\target\test-classes;C:\Users\17786\my-App\target\classes;C:\Users\17786\.m2\repository\org\seleniumhq\selenium\selenium-java\3.4.0\selenium-java-3.4.0.jar;C:\Users\17786\.m2\repository\org\seleniumhq\selenium\selenium-api\3.4.0\selenium-api-3.4.0.jar;C:\Users\17786\.m2\repository\org\seleniumhq\selenium\selenium-chrome-driver\3.4.0\selenium-chrome-driver-3.4.0.jar;C:\Users\17786\.m2\repository\org\seleniumhq\selenium\selenium-edge-driver\3.4.0\selenium-edge-driver-3.4.0.jar;C:\Users\17786\.m2\repository\org\seleniumhq\selenium\selenium-firefox-driver\3.4.0\selenium-firefox-driver-3.4.0.jar;C:\Users\17786\.m2\repository\org\seleniumhq\selenium\selenium-ie-driver\3.4.0\selenium-ie-driver-3.4.0.jar;C:\Users\17786\.m2\repository\org\seleniumhq\selenium\selenium-opera-driver\3.4.0\selenium-opera-driver-3.4.0.jar;C:\Users\17786\.m2\repository\org\seleniumhq\selenium\selenium-remote-driver\3.4.0\selenium-remote-driver-3.4.0.jar;C:\Users\17786\.m2\repository\org\seleniumhq\selenium\selenium-safari-driver\3.4.0\selenium-safari-driver-3.4.0.jar;C:\Users\17786\.m2\repository\org\seleniumhq\selenium\selenium-support\3.4.0\selenium-support-3.4.0.jar;C:\Users\17786\.m2\repository\cglib\cglib-nodep\3.2.4\cglib-nodep-3.2.4.jar;C:\Users\17786\.m2\repository\org\apache\commons\commons-exec\1.3\commons-exec-1.3.jar;C:\Users\17786\.m2\repository\org\apache\commons\commons-lang3\3.5\commons-lang3-3.5.jar;C:\Users\17786\.m2\repository\commons-codec\commons-codec\1.10\commons-codec-1.10.jar;C:\Users\17786\.m2\repository\commons-io\commons-io\2.5\commons-io-2.5.jar;C:\Users\17786\.m2\repository\commons-logging\commons-logging\1.2\commons-logging-1.2.jar;C:\Users\17786\.m2\repository\org\w3c\css\sac\1.3\sac-1.3.jar;C:\Users\17786\.m2\repository\net\sourceforge\cssparser\cssparser\0.9.22\cssparser-0.9.22.jar;C:\Users\17786\.m2\repository\com\google\code\gson\gson\2.8.0\gson-2.8.0.jar;C:\Users\17786\.m2\repository\com\google\guava\guava\21.0\guava-21.0.jar;C:\Users\17786\.m2\repository\org\hamcrest\hamcrest-core\1.3\hamcrest-core-1.3.jar;C:\Users\17786\.m2\repository\net\sourceforge\htmlunit\htmlunit\2.26\htmlunit-2.26.jar;C:\Users\17786\.m2\repository\net\sourceforge\htmlunit\htmlunit-core-js\2.26\htmlunit-core-js-2.26.jar;C:\Users\17786\.m2\repository\net\sourceforge\htmlunit\neko-htmlunit\2.25\neko-htmlunit-2.25.jar;C:\Users\17786\.m2\repository\org\apache\httpcomponents\httpclient\4.5.3\httpclient-4.5.3.jar;C:\Users\17786\.m2\repository\org\apache\httpcomponents\httpcore\4.4.6\httpcore-4.4.6.jar;C:\Users\17786\.m2\repository\org\apache\httpcomponents\httpmime\4.5.3\httpmime-4.5.3.jar;C:\Users\17786\.m2\repository\org\eclipse\jetty\jetty-io\9.4.1.v20170120\jetty-io-9.4.1.v20170120.jar;C:\Users\17786\.m2\repository\org\eclipse\jetty\jetty-util\9.4.1.v20170120\jetty-util-9.4.1.v20170120.jar;C:\Users\17786\.m2\repository\net\java\dev\jna\jna\4.1.0\jna-4.1.0.jar;C:\Users\17786\.m2\repository\net\java\dev\jna\jna-platform\4.1.0\jna-platform-4.1.0.jar;C:\Users\17786\.m2\repository\junit\junit\4.12\junit-4.12.jar;C:\Users\17786\.m2\repository\com\codeborne\phantomjsdriver\1.4.0\phantomjsdriver-1.4.0.jar;C:\Users\17786\.m2\repository\org\seleniumhq\selenium\htmlunit-driver\2.26\htmlunit-driver-2.26.jar;C:\Users\17786\.m2\repository\javax\servlet\javax.servlet-api\3.1.0\javax.servlet-api-3.1.0.jar;C:\Users\17786\.m2\repository\org\eclipse\jetty\websocket\websocket-api\9.4.3.v20170317\websocket-api-9.4.3.v20170317.jar;C:\Users\17786\.m2\repository\org\eclipse\jetty\websocket\websocket-client\9.4.3.v20170317\websocket-client-9.4.3.v20170317.jar;C:\Users\17786\.m2\repository\org\eclipse\jetty\jetty-client\9.4.3.v20170317\jetty-client-9.4.3.v20170317.jar;C:\Users\17786\.m2\repository\org\eclipse\jetty\jetty-http\9.4.3.v20170317\jetty-http-9.4.3.v20170317.jar;C:\Users\17786\.m2\repository\org\eclipse\jetty\websocket\websocket-common\9.4.3.v20170317\websocket-common-9.4.3.v20170317.jar;C:\Users\17786\.m2\repository\xalan\serializer\2.7.2\serializer-2.7.2.jar;C:\Users\17786\.m2\repository\xalan\xalan\2.7.2\xalan-2.7.2.jar;C:\Users\17786\.m2\repository\xerces\xercesImpl\2.11.0\xercesImpl-2.11.0.jar;C:\Users\17786\.m2\repository\xml-apis\xml-apis\1.4.01\xml-apis-1.4.01.jar;C:\Users\17786\.m2\repository\org\testng\testng\6.9.9\testng-6.9.9.jar;C:\Users\17786\.m2\repository\com\beust\jcommander\1.48\jcommander-1.48.jar;C:\Users\17786\.m2\repository\org\apache\ant\ant\1.7.0\ant-1.7.0.jar;C:\Users\17786\.m2\repository\org\apache\ant\ant-launcher\1.7.0\ant-launcher-1.7.0.jar;C:\Users\17786\.m2\repository\org\yaml\snakeyaml\1.15\snakeyaml-1.15.jar;C:\Users\17786\.m2\repository\org\beanshell\bsh\2.0b4\bsh-2.0b4.jar;"/>
    <property name="java.vm.vendor" value="Oracle Corporation"/>
    <property name="sun.arch.data.model" value="64"/>
    <property name="user.variant" value=""/>
    <property name="java.vendor.url" value="http://java.oracle.com/"/>
    <property name="user.timezone" value="America/New_York"/>
    <property name="java.vm.specification.version" value="1.8"/>
    <property name="os.name" value="Windows 10"/>
    <property name="user.country" value="CA"/>
    <property name="sun.java.launcher" value="SUN_STANDARD"/>
    <property name="sun.boot.library.path" value="C:\Program Files\Java\jre1.8.0_221\bin"/>
    <property name="sun.java.command" value="C:\Users\17786\AppData\Local\Temp\surefire414975566265019755\surefirebooter4198936567120388833.jar C:\Users\17786\AppData\Local\Temp\surefire414975566265019755 2019-08-08T19-49-27_267-jvmRun1 surefire7220854548466255332tmp surefire_05670620980781817149tmp"/>
    <property name="surefire.test.class.path" value="C:\Users\17786\my-App\target\test-classes;C:\Users\17786\my-App\target\classes;C:\Users\17786\.m2\repository\org\seleniumhq\selenium\selenium-java\3.4.0\selenium-java-3.4.0.jar;C:\Users\17786\.m2\repository\org\seleniumhq\selenium\selenium-api\3.4.0\selenium-api-3.4.0.jar;C:\Users\17786\.m2\repository\org\seleniumhq\selenium\selenium-chrome-driver\3.4.0\selenium-chrome-driver-3.4.0.jar;C:\Users\17786\.m2\repository\org\seleniumhq\selenium\selenium-edge-driver\3.4.0\selenium-edge-driver-3.4.0.jar;C:\Users\17786\.m2\repository\org\seleniumhq\selenium\selenium-firefox-driver\3.4.0\selenium-firefox-driver-3.4.0.jar;C:\Users\17786\.m2\repository\org\seleniumhq\selenium\selenium-ie-driver\3.4.0\selenium-ie-driver-3.4.0.jar;C:\Users\17786\.m2\repository\org\seleniumhq\selenium\selenium-opera-driver\3.4.0\selenium-opera-driver-3.4.0.jar;C:\Users\17786\.m2\repository\org\seleniumhq\selenium\selenium-remote-driver\3.4.0\selenium-remote-driver-3.4.0.jar;C:\Users\17786\.m2\repository\org\seleniumhq\selenium\selenium-safari-driver\3.4.0\selenium-safari-driver-3.4.0.jar;C:\Users\17786\.m2\repository\org\seleniumhq\selenium\selenium-support\3.4.0\selenium-support-3.4.0.jar;C:\Users\17786\.m2\repository\cglib\cglib-nodep\3.2.4\cglib-nodep-3.2.4.jar;C:\Users\17786\.m2\repository\org\apache\commons\commons-exec\1.3\commons-exec-1.3.jar;C:\Users\17786\.m2\repository\org\apache\commons\commons-lang3\3.5\commons-lang3-3.5.jar;C:\Users\17786\.m2\repository\commons-codec\commons-codec\1.10\commons-codec-1.10.jar;C:\Users\17786\.m2\repository\commons-io\commons-io\2.5\commons-io-2.5.jar;C:\Users\17786\.m2\repository\commons-logging\commons-logging\1.2\commons-logging-1.2.jar;C:\Users\17786\.m2\repository\org\w3c\css\sac\1.3\sac-1.3.jar;C:\Users\17786\.m2\repository\net\sourceforge\cssparser\cssparser\0.9.22\cssparser-0.9.22.jar;C:\Users\17786\.m2\repository\com\google\code\gson\gson\2.8.0\gson-2.8.0.jar;C:\Users\17786\.m2\repository\com\google\guava\guava\21.0\guava-21.0.jar;C:\Users\17786\.m2\repository\org\hamcrest\hamcrest-core\1.3\hamcrest-core-1.3.jar;C:\Users\17786\.m2\repository\net\sourceforge\htmlunit\htmlunit\2.26\htmlunit-2.26.jar;C:\Users\17786\.m2\repository\net\sourceforge\htmlunit\htmlunit-core-js\2.26\htmlunit-core-js-2.26.jar;C:\Users\17786\.m2\repository\net\sourceforge\htmlunit\neko-htmlunit\2.25\neko-htmlunit-2.25.jar;C:\Users\17786\.m2\repository\org\apache\httpcomponents\httpclient\4.5.3\httpclient-4.5.3.jar;C:\Users\17786\.m2\repository\org\apache\httpcomponents\httpcore\4.4.6\httpcore-4.4.6.jar;C:\Users\17786\.m2\repository\org\apache\httpcomponents\httpmime\4.5.3\httpmime-4.5.3.jar;C:\Users\17786\.m2\repository\org\eclipse\jetty\jetty-io\9.4.1.v20170120\jetty-io-9.4.1.v20170120.jar;C:\Users\17786\.m2\repository\org\eclipse\jetty\jetty-util\9.4.1.v20170120\jetty-util-9.4.1.v20170120.jar;C:\Users\17786\.m2\repository\net\java\dev\jna\jna\4.1.0\jna-4.1.0.jar;C:\Users\17786\.m2\repository\net\java\dev\jna\jna-platform\4.1.0\jna-platform-4.1.0.jar;C:\Users\17786\.m2\repository\junit\junit\4.12\junit-4.12.jar;C:\Users\17786\.m2\repository\com\codeborne\phantomjsdriver\1.4.0\phantomjsdriver-1.4.0.jar;C:\Users\17786\.m2\repository\org\seleniumhq\selenium\htmlunit-driver\2.26\htmlunit-driver-2.26.jar;C:\Users\17786\.m2\repository\javax\servlet\javax.servlet-api\3.1.0\javax.servlet-api-3.1.0.jar;C:\Users\17786\.m2\repository\org\eclipse\jetty\websocket\websocket-api\9.4.3.v20170317\websocket-api-9.4.3.v20170317.jar;C:\Users\17786\.m2\repository\org\eclipse\jetty\websocket\websocket-client\9.4.3.v20170317\websocket-client-9.4.3.v20170317.jar;C:\Users\17786\.m2\repository\org\eclipse\jetty\jetty-client\9.4.3.v20170317\jetty-client-9.4.3.v20170317.jar;C:\Users\17786\.m2\repository\org\eclipse\jetty\jetty-http\9.4.3.v20170317\jetty-http-9.4.3.v20170317.jar;C:\Users\17786\.m2\repository\org\eclipse\jetty\websocket\websocket-common\9.4.3.v20170317\websocket-common-9.4.3.v20170317.jar;C:\Users\17786\.m2\repository\xalan\serializer\2.7.2\serializer-2.7.2.jar;C:\Users\17786\.m2\repository\xalan\xalan\2.7.2\xalan-2.7.2.jar;C:\Users\17786\.m2\repository\xerces\xercesImpl\2.11.0\xercesImpl-2.11.0.jar;C:\Users\17786\.m2\repository\xml-apis\xml-apis\1.4.01\xml-apis-1.4.01.jar;C:\Users\17786\.m2\repository\org\testng\testng\6.9.9\testng-6.9.9.jar;C:\Users\17786\.m2\repository\com\beust\jcommander\1.48\jcommander-1.48.jar;C:\Users\17786\.m2\repository\org\apache\ant\ant\1.7.0\ant-1.7.0.jar;C:\Users\17786\.m2\repository\org\apache\ant\ant-launcher\1.7.0\ant-launcher-1.7.0.jar;C:\Users\17786\.m2\repository\org\yaml\snakeyaml\1.15\snakeyaml-1.15.jar;C:\Users\17786\.m2\repository\org\beanshell\bsh\2.0b4\bsh-2.0b4.jar;"/>
    <property name="sun.cpu.endian" value="little"/>
    <property name="user.home" value="C:\Users\17786"/>
    <property name="user.language" value="en"/>
    <property name="java.specification.vendor" value="Oracle Corporation"/>
    <property name="java.home" value="C:\Program Files\Java\jre1.8.0_221"/>
    <property name="basedir" value="C:\Users\17786\my-App"/>
    <property name="file.separator" value="\"/>
    <property name="line.separator" value="&#10;"/>
    <property name="java.vm.specification.vendor" value="Oracle Corporation"/>
    <property name="java.specification.name" value="Java Platform API Specification"/>
    <property name="java.awt.graphicsenv" value="sun.awt.Win32GraphicsEnvironment"/>
    <property name="surefire.real.class.path" value="C:\Users\17786\AppData\Local\Temp\surefire414975566265019755\surefirebooter4198936567120388833.jar"/>
    <property name="sun.boot.class.path" value="C:\Program Files\Java\jre1.8.0_221\lib\resources.jar;C:\Program Files\Java\jre1.8.0_221\lib\rt.jar;C:\Program Files\Java\jre1.8.0_221\lib\sunrsasign.jar;C:\Program Files\Java\jre1.8.0_221\lib\jsse.jar;C:\Program Files\Java\jre1.8.0_221\lib\jce.jar;C:\Program Files\Java\jre1.8.0_221\lib\charsets.jar;C:\Program Files\Java\jre1.8.0_221\lib\jfr.jar;C:\Program Files\Java\jre1.8.0_221\classes"/>
    <property name="user.script" value=""/>
    <property name="sun.management.compiler" value="HotSpot 64-Bit Tiered Compilers"/>
    <property name="java.runtime.version" value="1.8.0_221-b11"/>
    <property name="user.name" value="17786"/>
    <property name="path.separator" value=";"/>
    <property name="os.version" value="10.0"/>
    <property name="java.endorsed.dirs" value="C:\Program Files\Java\jre1.8.0_221\lib\endorsed"/>
    <property name="java.runtime.name" value="Java(TM) SE Runtime Environment"/>
    <property name="file.encoding" value="Cp1252"/>
    <property name="java.vm.name" value="Java HotSpot(TM) 64-Bit Server VM"/>
    <property name="localRepository" value="C:\Users\17786\.m2\repository"/>
    <property name="java.vendor.url.bug" value="http://bugreport.sun.com/bugreport/"/>
    <property name="java.io.tmpdir" value="C:\Users\17786\AppData\Local\Temp\"/>
    <property name="java.version" value="1.8.0_221"/>
    <property name="user.dir" value="C:\Users\17786\my-App"/>
    <property name="os.arch" value="amd64"/>
    <property name="java.vm.specification.name" value="Java Virtual Machine Specification"/>
    <property name="java.awt.printerjob" value="sun.awt.windows.WPrinterJob"/>
    <property name="sun.os.patch.level" value=""/>
    <property name="java.library.path" value="C:\Program Files\Java\jre1.8.0_221\bin;C:\Windows\Sun\Java\bin;C:\Windows\system32;C:\Windows;C:\Program Files (x86)\Common Files\Oracle\Java\javapath;C:\Windows\system32;C:\Windows;C:\Windows\System32\Wbem;C:\Windows\System32\WindowsPowerShell\v1.0\;C:\Windows\System32\OpenSSH\;C:\Program Files\Java\jdk1.8.0_221\bin;C:\Program Files\Git\cmd;C:\Users\17786\apache-maven-3.6.1-bin\apache-maven-3.6.1\bin;C:\Users\17786\AppData\Local\Microsoft\WindowsApps;;C:\Program Files\Docker Toolbox;C:\Program Files\Docker Toolbox;."/>
    <property name="java.vm.info" value="mixed mode"/>
    <property name="java.vendor" value="Oracle Corporation"/>
    <property name="java.vm.version" value="25.221-b11"/>
    <property name="java.ext.dirs" value="C:\Program Files\Java\jre1.8.0_221\lib\ext;C:\Windows\Sun\Java\lib\ext"/>
    <property name="sun.io.unicode.encoding" value="UnicodeLittle"/>
    <property name="java.class.version" value="52.0"/>
  </properties>
</testsuite>