<?xml version="1.0" encoding="UTF-8"?>
<!-- Generated by org.testng.reporters.JUnitReportReporter -->
<testsuite hostname="DESKTOP-L4HPMBD" name="com.cisco.app.AppTest" tests="1" failures="0" timestamp="8 Aug 2019 23:47:08 GMT" time="0.000" errors="0">
  <testcase name="testApp" time="0.000" classname="com.cisco.app.AppTest"/>
</testsuite> <!-- com.cisco.app.AppTest -->
